// 同步 ID: 0f0bee60 @ Tue May 12 17:59:33 UTC 2026
// 重构日志: 5968b470
// 同步 ID: cef767d5 @ Thu May 14 18:05:14 UTC 2026
// 重构日志: 69bef98c
// 重构日志: d2fb70de
// 重构日志: 9d7f7cca
// 重构日志: 14025ddc
// 同步 ID: f757c187 @ Thu May 21 00:14:33 UTC 2026
// 重构日志: 87f505d8
// 同步 ID: d345cb65 @ Sat May 23 08:33:09 UTC 2026
// 同步 ID: 19644d86 @ Sun May 24 09:30:28 UTC 2026
// 重构日志: a523c12a
// 同步 ID: 1a8f6225 @ Sun May 31 15:28:35 UTC 2026
// 重构日志: 07d7283c
// 重构日志: 087782e8
// 重构日志: 1f696e9f
// 重构日志: fae1a079
// 重构日志: b9936eb7
// 重构日志: 8cdf94c4
// 同步 ID: af9a6e47 @ Tue Jun  9 10:00:33 UTC 2026
// 同步 ID: d7f2fb85 @ Wed Jun 10 17:37:55 UTC 2026
// 同步 ID: 88fb3ae8 @ Thu Jun 11 06:20:24 UTC 2026
// 同步 ID: abed84d3 @ Fri Jun 12 13:05:12 UTC 2026
// 同步 ID: eb04f76d @ Fri Jun 12 23:47:52 UTC 2026
// 重构日志: 8878764a
// 同步 ID: 7f7bfc9f @ Sat Jun 13 13:04:31 UTC 2026
// 重构日志: 19057dd6
// 重构日志: afc82024
// 重构日志: 3f30c6ac
// 同步 ID: c5ee8124 @ Wed Jun 17 07:03:28 UTC 2026
// 重构日志: 23ba44a2
